mode: set
github.com/hashload/boss/pkg/installer/core.go:30.84,37.2 1 0
github.com/hashload/boss/pkg/installer/core.go:39.57,56.2 11 0
github.com/hashload/boss/pkg/installer/core.go:58.87,59.29 1 0
github.com/hashload/boss/pkg/installer/core.go:59.29,61.3 1 0
github.com/hashload/boss/pkg/installer/core.go:62.2,68.13 4 0
github.com/hashload/boss/pkg/installer/core.go:71.63,75.16 4 0
github.com/hashload/boss/pkg/installer/core.go:75.16,77.3 1 0
github.com/hashload/boss/pkg/installer/core.go:79.2,79.29 1 0
github.com/hashload/boss/pkg/installer/core.go:79.29,80.20 1 0
github.com/hashload/boss/pkg/installer/core.go:80.20,81.12 1 0
github.com/hashload/boss/pkg/installer/core.go:84.3,84.48 1 0
github.com/hashload/boss/pkg/installer/core.go:84.48,85.12 1 0
github.com/hashload/boss/pkg/installer/core.go:88.3,95.25 5 0
github.com/hashload/boss/pkg/installer/core.go:95.25,97.4 1 0
github.com/hashload/boss/pkg/installer/core.go:99.3,99.73 1 0
github.com/hashload/boss/pkg/installer/core.go:99.73,100.26 1 0
github.com/hashload/boss/pkg/installer/core.go:100.26,101.13 1 0
github.com/hashload/boss/pkg/installer/core.go:103.4,103.64 1 0
github.com/hashload/boss/pkg/installer/core.go:104.9,106.4 1 0
github.com/hashload/boss/pkg/installer/core.go:108.2,108.45 1 0
github.com/hashload/boss/pkg/installer/core.go:108.45,110.3 1 0
github.com/hashload/boss/pkg/installer/core.go:112.2,112.15 1 0
github.com/hashload/boss/pkg/installer/core.go:115.88,116.27 1 0
github.com/hashload/boss/pkg/installer/core.go:116.27,119.35 2 0
github.com/hashload/boss/pkg/installer/core.go:119.35,121.12 2 0
github.com/hashload/boss/pkg/installer/core.go:124.3,129.17 5 0
github.com/hashload/boss/pkg/installer/core.go:129.17,131.4 1 0
github.com/hashload/boss/pkg/installer/core.go:133.3,134.17 2 0
github.com/hashload/boss/pkg/installer/core.go:134.17,136.4 1 0
github.com/hashload/boss/pkg/installer/core.go:138.3,139.16 2 0
github.com/hashload/boss/pkg/installer/core.go:139.16,141.4 1 0
github.com/hashload/boss/pkg/installer/core.go:143.3,144.111 2 0
github.com/hashload/boss/pkg/installer/core.go:144.111,146.12 2 0
github.com/hashload/boss/pkg/installer/core.go:149.3,149.55 1 0
github.com/hashload/boss/pkg/installer/core.go:153.76,154.26 1 0
github.com/hashload/boss/pkg/installer/core.go:154.26,156.3 1 0
github.com/hashload/boss/pkg/installer/core.go:158.2,159.13 2 0
github.com/hashload/boss/pkg/installer/core.go:159.13,161.3 1 0
github.com/hashload/boss/pkg/installer/core.go:163.2,165.16 3 0
github.com/hashload/boss/pkg/installer/core.go:165.16,168.3 2 0
github.com/hashload/boss/pkg/installer/core.go:170.2,171.16 2 0
github.com/hashload/boss/pkg/installer/core.go:171.16,174.3 2 0
github.com/hashload/boss/pkg/installer/core.go:176.2,176.52 1 0
github.com/hashload/boss/pkg/installer/core.go:182.55,186.22 3 0
github.com/hashload/boss/pkg/installer/core.go:186.22,187.70 1 0
github.com/hashload/boss/pkg/installer/core.go:187.70,189.4 1 0
github.com/hashload/boss/pkg/installer/core.go:192.2,193.57 2 0
github.com/hashload/boss/pkg/installer/core.go:193.57,195.3 1 0
github.com/hashload/boss/pkg/installer/core.go:197.2,197.22 1 0
github.com/hashload/boss/pkg/installer/core.go:203.40,205.16 2 0
github.com/hashload/boss/pkg/installer/core.go:205.16,207.3 1 0
github.com/hashload/boss/pkg/installer/core.go:209.2,216.16 3 0
github.com/hashload/boss/pkg/installer/core.go:216.16,218.3 1 0
github.com/hashload/boss/pkg/installer/core.go:220.2,225.63 2 0
github.com/hashload/boss/pkg/installer/core.go:225.63,227.3 1 0
github.com/hashload/boss/pkg/installer/core.go:233.23,234.25 1 0
github.com/hashload/boss/pkg/installer/core.go:234.25,238.49 2 0
github.com/hashload/boss/pkg/installer/core.go:238.49,240.4 1 0
github.com/hashload/boss/pkg/installer/core.go:243.2,245.16 3 0
github.com/hashload/boss/pkg/installer/core.go:245.16,246.36 1 0
github.com/hashload/boss/pkg/installer/core.go:246.36,247.50 1 0
github.com/hashload/boss/pkg/installer/core.go:247.50,249.5 1 0
github.com/hashload/boss/pkg/installer/core.go:252.3,252.13 1 0
github.com/hashload/boss/pkg/installer/core.go:255.2,257.15 1 0
github.com/hashload/boss/pkg/installer/core.go:262.53,266.35 3 0
github.com/hashload/boss/pkg/installer/core.go:266.35,269.17 3 0
github.com/hashload/boss/pkg/installer/core.go:269.17,270.12 1 0
github.com/hashload/boss/pkg/installer/core.go:272.3,272.34 1 0
github.com/hashload/boss/pkg/installer/core.go:272.34,273.65 1 0
github.com/hashload/boss/pkg/installer/core.go:273.65,276.5 2 0
github.com/hashload/boss/pkg/installer/core.go:278.4,278.26 1 0
github.com/hashload/boss/pkg/installer/core.go:278.26,281.5 2 0
github.com/hashload/boss/pkg/installer/core.go:284.2,284.22 1 0
github.com/hashload/boss/pkg/installer/global_unix.go:10.97,14.2 3 0
github.com/hashload/boss/pkg/installer/installer.go:11.69,13.16 2 0
github.com/hashload/boss/pkg/installer/installer.go:13.16,14.25 1 0
github.com/hashload/boss/pkg/installer/installer.go:14.25,16.4 1 0
github.com/hashload/boss/pkg/installer/installer.go:16.9,18.4 1 0
github.com/hashload/boss/pkg/installer/installer.go:21.2,21.21 1 0
github.com/hashload/boss/pkg/installer/installer.go:21.21,23.3 1 0
github.com/hashload/boss/pkg/installer/installer.go:23.8,25.3 1 0
github.com/hashload/boss/pkg/installer/installer.go:28.51,30.39 2 0
github.com/hashload/boss/pkg/installer/installer.go:30.39,32.3 1 0
github.com/hashload/boss/pkg/installer/installer.go:34.2,34.16 1 0
github.com/hashload/boss/pkg/installer/installer.go:34.16,36.3 1 0
github.com/hashload/boss/pkg/installer/installer.go:38.2,38.27 1 0
github.com/hashload/boss/pkg/installer/installer.go:38.27,41.3 2 0
github.com/hashload/boss/pkg/installer/installer.go:43.2,46.43 2 0
github.com/hashload/boss/pkg/installer/local.go:8.96,13.2 3 0
github.com/hashload/boss/pkg/installer/utils.go:14.59,15.34 1 1
github.com/hashload/boss/pkg/installer/utils.go:15.34,22.41 5 1
github.com/hashload/boss/pkg/installer/utils.go:22.41,23.28 1 1
github.com/hashload/boss/pkg/installer/utils.go:23.28,25.5 1 1
github.com/hashload/boss/pkg/installer/utils.go:27.3,30.33 4 1
github.com/hashload/boss/pkg/installer/utils.go:30.33,32.4 1 1
github.com/hashload/boss/pkg/installer/utils.go:32.9,34.4 1 1
github.com/hashload/boss/pkg/installer/utils.go:36.3,36.54 1 1
github.com/hashload/boss/pkg/installer/utils.go:36.54,38.4 1 1
github.com/hashload/boss/pkg/installer/utils.go:40.3,40.30 1 1
github.com/hashload/boss/pkg/installer/utils.go:44.52,46.37 2 1
github.com/hashload/boss/pkg/installer/utils.go:46.37,48.3 1 1
github.com/hashload/boss/pkg/installer/utils.go:49.2,50.37 2 1
github.com/hashload/boss/pkg/installer/utils.go:50.37,52.3 1 1
github.com/hashload/boss/pkg/installer/utils.go:53.2,53.23 1 1
github.com/hashload/boss/pkg/installer/vsc.go:18.43,19.57 1 0
github.com/hashload/boss/pkg/installer/vsc.go:19.57,22.3 2 0
github.com/hashload/boss/pkg/installer/vsc.go:23.2,27.19 4 0
github.com/hashload/boss/pkg/installer/vsc.go:27.19,29.3 1 0
github.com/hashload/boss/pkg/installer/vsc.go:29.8,32.3 2 0
github.com/hashload/boss/pkg/installer/vsc.go:33.2,34.52 2 0
github.com/hashload/boss/pkg/installer/vsc.go:37.43,40.16 3 0
github.com/hashload/boss/pkg/installer/vsc.go:40.16,42.3 1 0
github.com/hashload/boss/pkg/installer/vsc.go:43.2,43.24 1 0
github.com/hashload/boss/pkg/installer/vsc.go:43.24,45.3 1 0
github.com/hashload/boss/pkg/installer/vsc.go:46.2,46.19 1 0
github.com/hashload/boss/pkg/installer/vsc.go:46.19,49.3 2 0
github.com/hashload/boss/pkg/installer/vsc.go:50.2,51.28 2 0
