mode: set
github.com/hashload/boss/pkg/models/cacheInfo.go:20.64,30.16 4 1
github.com/hashload/boss/pkg/models/cacheInfo.go:30.16,32.3 1 0
github.com/hashload/boss/pkg/models/cacheInfo.go:34.2,36.16 3 1
github.com/hashload/boss/pkg/models/cacheInfo.go:36.16,38.3 1 0
github.com/hashload/boss/pkg/models/cacheInfo.go:40.2,42.16 3 1
github.com/hashload/boss/pkg/models/cacheInfo.go:42.16,45.3 2 0
github.com/hashload/boss/pkg/models/cacheInfo.go:46.2,49.16 3 1
github.com/hashload/boss/pkg/models/cacheInfo.go:49.16,51.3 1 0
github.com/hashload/boss/pkg/models/cacheInfo.go:54.46,59.16 5 1
github.com/hashload/boss/pkg/models/cacheInfo.go:59.16,61.3 1 1
github.com/hashload/boss/pkg/models/cacheInfo.go:62.2,63.16 2 1
github.com/hashload/boss/pkg/models/cacheInfo.go:63.16,65.3 1 0
github.com/hashload/boss/pkg/models/cacheInfo.go:66.2,66.29 1 1
github.com/hashload/boss/pkg/models/dependency.go:22.40,25.62 2 1
github.com/hashload/boss/pkg/models/dependency.go:25.62,27.3 1 0
github.com/hashload/boss/pkg/models/dependency.go:28.2,28.42 1 1
github.com/hashload/boss/pkg/models/dependency.go:31.42,33.2 1 1
github.com/hashload/boss/pkg/models/dependency.go:36.38,37.41 1 1
github.com/hashload/boss/pkg/models/dependency.go:37.41,39.3 1 1
github.com/hashload/boss/pkg/models/dependency.go:40.2,44.39 5 1
github.com/hashload/boss/pkg/models/dependency.go:47.44,50.2 2 1
github.com/hashload/boss/pkg/models/dependency.go:52.38,55.17 3 1
github.com/hashload/boss/pkg/models/dependency.go:55.17,56.18 1 0
github.com/hashload/boss/pkg/models/dependency.go:56.18,58.4 1 0
github.com/hashload/boss/pkg/models/dependency.go:60.2,61.40 2 1
github.com/hashload/boss/pkg/models/dependency.go:61.40,63.3 1 1
github.com/hashload/boss/pkg/models/dependency.go:65.2,65.34 1 1
github.com/hashload/boss/pkg/models/dependency.go:71.59,76.40 5 1
github.com/hashload/boss/pkg/models/dependency.go:76.40,80.3 2 1
github.com/hashload/boss/pkg/models/dependency.go:81.2,81.41 1 1
github.com/hashload/boss/pkg/models/dependency.go:81.41,85.3 2 1
github.com/hashload/boss/pkg/models/dependency.go:86.2,86.21 1 1
github.com/hashload/boss/pkg/models/dependency.go:86.21,88.3 1 1
github.com/hashload/boss/pkg/models/dependency.go:89.2,89.19 1 1
github.com/hashload/boss/pkg/models/dependency.go:92.59,94.31 2 1
github.com/hashload/boss/pkg/models/dependency.go:94.31,96.3 1 1
github.com/hashload/boss/pkg/models/dependency.go:97.2,97.21 1 1
github.com/hashload/boss/pkg/models/dependency.go:100.55,102.28 2 1
github.com/hashload/boss/pkg/models/dependency.go:102.28,104.3 1 1
github.com/hashload/boss/pkg/models/dependency.go:105.2,105.21 1 1
github.com/hashload/boss/pkg/models/dependency.go:108.36,111.2 2 1
github.com/hashload/boss/pkg/models/lock.go:48.45,49.17 1 1
github.com/hashload/boss/pkg/models/lock.go:49.17,51.3 1 0
github.com/hashload/boss/pkg/models/lock.go:52.2,52.13 1 1
github.com/hashload/boss/pkg/models/lock.go:56.55,58.2 1 1
github.com/hashload/boss/pkg/models/lock.go:60.72,63.36 3 1
github.com/hashload/boss/pkg/models/lock.go:63.36,66.3 2 0
github.com/hashload/boss/pkg/models/lock.go:70.58,72.2 1 0
github.com/hashload/boss/pkg/models/lock.go:75.90,79.16 4 1
github.com/hashload/boss/pkg/models/lock.go:79.16,82.69 2 1
github.com/hashload/boss/pkg/models/lock.go:82.69,84.4 1 0
github.com/hashload/boss/pkg/models/lock.go:86.3,92.4 1 1
github.com/hashload/boss/pkg/models/lock.go:95.2,102.61 2 1
github.com/hashload/boss/pkg/models/lock.go:102.61,104.3 1 0
github.com/hashload/boss/pkg/models/lock.go:105.2,105.17 1 1
github.com/hashload/boss/pkg/models/lock.go:109.30,111.16 2 1
github.com/hashload/boss/pkg/models/lock.go:111.16,113.3 1 0
github.com/hashload/boss/pkg/models/lock.go:115.2,115.52 1 1
github.com/hashload/boss/pkg/models/lock.go:118.59,123.69 3 0
github.com/hashload/boss/pkg/models/lock.go:123.69,136.3 1 0
github.com/hashload/boss/pkg/models/lock.go:136.8,140.3 3 0
github.com/hashload/boss/pkg/models/lock.go:143.97,144.29 1 0
github.com/hashload/boss/pkg/models/lock.go:144.29,146.3 1 0
github.com/hashload/boss/pkg/models/lock.go:148.2,150.58 2 0
github.com/hashload/boss/pkg/models/lock.go:150.58,152.3 1 0
github.com/hashload/boss/pkg/models/lock.go:153.2,155.35 2 0
github.com/hashload/boss/pkg/models/lock.go:155.35,157.3 1 0
github.com/hashload/boss/pkg/models/lock.go:159.2,160.16 2 0
github.com/hashload/boss/pkg/models/lock.go:160.16,162.3 1 0
github.com/hashload/boss/pkg/models/lock.go:164.2,165.16 2 0
github.com/hashload/boss/pkg/models/lock.go:165.16,167.3 1 0
github.com/hashload/boss/pkg/models/lock.go:168.2,168.52 1 0
github.com/hashload/boss/pkg/models/lock.go:171.39,176.2 4 1
github.com/hashload/boss/pkg/models/lock.go:179.90,180.34 1 1
github.com/hashload/boss/pkg/models/lock.go:180.34,183.25 3 1
github.com/hashload/boss/pkg/models/lock.go:183.25,185.4 1 1
github.com/hashload/boss/pkg/models/lock.go:187.2,187.13 1 1
github.com/hashload/boss/pkg/models/lock.go:190.67,193.93 2 0
github.com/hashload/boss/pkg/models/lock.go:193.93,195.3 1 0
github.com/hashload/boss/pkg/models/lock.go:197.2,197.93 1 0
github.com/hashload/boss/pkg/models/lock.go:197.93,199.3 1 0
github.com/hashload/boss/pkg/models/lock.go:201.2,201.93 1 0
github.com/hashload/boss/pkg/models/lock.go:201.93,203.3 1 0
github.com/hashload/boss/pkg/models/lock.go:205.2,205.93 1 0
github.com/hashload/boss/pkg/models/lock.go:205.93,207.3 1 0
github.com/hashload/boss/pkg/models/lock.go:209.2,209.13 1 0
github.com/hashload/boss/pkg/models/lock.go:212.71,214.9 2 0
github.com/hashload/boss/pkg/models/lock.go:214.9,216.3 1 0
github.com/hashload/boss/pkg/models/lock.go:218.2,221.30 3 0
github.com/hashload/boss/pkg/models/lock.go:221.30,223.3 1 0
github.com/hashload/boss/pkg/models/lock.go:224.2,226.19 2 0
github.com/hashload/boss/pkg/models/lock.go:229.69,231.2 1 1
github.com/hashload/boss/pkg/models/lock.go:233.77,239.2 4 1
github.com/hashload/boss/pkg/models/lock.go:241.55,243.27 2 1
github.com/hashload/boss/pkg/models/lock.go:243.27,245.3 1 1
github.com/hashload/boss/pkg/models/lock.go:247.2,247.31 1 1
github.com/hashload/boss/pkg/models/lock.go:247.31,248.58 1 1
github.com/hashload/boss/pkg/models/lock.go:248.58,250.4 1 1
github.com/hashload/boss/pkg/models/lock.go:254.50,257.40 2 1
github.com/hashload/boss/pkg/models/lock.go:257.40,259.3 1 1
github.com/hashload/boss/pkg/models/lock.go:260.2,260.15 1 1
github.com/hashload/boss/pkg/models/lock.go:263.52,270.2 6 1
github.com/hashload/boss/pkg/models/package.go:29.33,34.2 4 1
github.com/hashload/boss/pkg/models/package.go:37.41,38.17 1 1
github.com/hashload/boss/pkg/models/package.go:38.17,40.3 1 0
github.com/hashload/boss/pkg/models/package.go:41.2,41.13 1 1
github.com/hashload/boss/pkg/models/package.go:45.51,47.2 1 1
github.com/hashload/boss/pkg/models/package.go:49.57,50.34 1 1
github.com/hashload/boss/pkg/models/package.go:50.34,51.34 1 1
github.com/hashload/boss/pkg/models/package.go:51.34,54.4 2 1
github.com/hashload/boss/pkg/models/package.go:57.2,57.27 1 1
github.com/hashload/boss/pkg/models/package.go:60.46,62.2 1 1
github.com/hashload/boss/pkg/models/package.go:64.56,65.42 1 1
github.com/hashload/boss/pkg/models/package.go:65.42,67.3 1 1
github.com/hashload/boss/pkg/models/package.go:68.2,68.40 1 1
github.com/hashload/boss/pkg/models/package.go:71.51,72.27 1 1
github.com/hashload/boss/pkg/models/package.go:72.27,73.35 1 1
github.com/hashload/boss/pkg/models/package.go:73.35,74.35 1 1
github.com/hashload/boss/pkg/models/package.go:74.35,77.5 2 1
github.com/hashload/boss/pkg/models/package.go:82.67,91.2 7 1
github.com/hashload/boss/pkg/models/package.go:94.52,96.2 1 0
github.com/hashload/boss/pkg/models/package.go:99.84,101.16 2 0
github.com/hashload/boss/pkg/models/package.go:101.16,102.16 1 0
github.com/hashload/boss/pkg/models/package.go:102.16,104.4 1 0
github.com/hashload/boss/pkg/models/package.go:105.3,105.58 1 0
github.com/hashload/boss/pkg/models/package.go:107.2,109.58 2 0
github.com/hashload/boss/pkg/models/package.go:109.58,110.44 1 0
github.com/hashload/boss/pkg/models/package.go:110.44,112.4 1 0
github.com/hashload/boss/pkg/models/package.go:114.3,114.83 1 0
github.com/hashload/boss/pkg/models/package.go:116.2,117.20 2 0
github.com/hashload/boss/pkg/models/package.go:121.54,123.2 1 1
github.com/hashload/boss/pkg/models/package.go:126.86,128.16 2 1
github.com/hashload/boss/pkg/models/package.go:128.16,130.3 1 1
github.com/hashload/boss/pkg/models/package.go:132.2,135.16 3 1
github.com/hashload/boss/pkg/models/package.go:135.16,137.3 1 1
github.com/hashload/boss/pkg/models/package.go:139.2,139.20 1 1
